app/build/intermediates/manifest_merge_blame_file/debug/manifest-merger-blame-debug-report.txt
1<?xml version="1.0" encoding="utf-8"?>
2<manifest xmlns:android="http://schemas.android.com/apk/res/android"
3    package="com.fastloan"
4    android:versionCode="1"
5    android:versionName="1.0" >
6
7    <uses-sdk
8        android:minSdkVersion="26"
8-->src/main/AndroidManifest.xml
9        android:targetSdkVersion="29" />
9-->src/main/AndroidManifest.xml
10    <!-- для доступа приложения к интернету надо указать в манифесте -->
11    <uses-permission android:name="android.permission.INTERNET" />
11-->src/main/AndroidManifest.xml:5:5-83
11-->src/main/AndroidManifest.xml:5:22-64
12    <uses-permission android:name="android.permission.READ_PHONE_NUMBERS" />
12-->src/main/AndroidManifest.xml:7:5-77
12-->src/main/AndroidManifest.xml:7:22-74
13    <uses-permission android:name="android.permission.ACCESS_NETWORK_STATE" />
13-->[com.firebaseui:firebase-ui-auth:4.3.1] AndroidManifest.xml:12:5-79
13-->[com.firebaseui:firebase-ui-auth:4.3.1] AndroidManifest.xml:12:22-76
14    <uses-permission android:name="android.permission.WAKE_LOCK" />
14-->[com.google.android.gms:play-services-measurement-api:18.0.0] AndroidManifest.xml:24:5-68
14-->[com.google.android.gms:play-services-measurement-api:18.0.0] AndroidManifest.xml:24:22-65
15    <uses-permission android:name="com.google.android.finsky.permission.BIND_GET_INSTALL_REFERRER_SERVICE" />
15-->[com.google.android.gms:play-services-measurement:18.0.0] AndroidManifest.xml:26:5-110
15-->[com.google.android.gms:play-services-measurement:18.0.0] AndroidManifest.xml:26:22-107
16
17    <application
17-->src/main/AndroidManifest.xml:9:5-42:19
18        android:allowBackup="true"
18-->src/main/AndroidManifest.xml:10:9-35
19        android:appComponentFactory="androidx.core.app.CoreComponentFactory"
19-->[androidx.core:core:1.3.1] AndroidManifest.xml:24:18-86
20        android:debuggable="true"
21        android:extractNativeLibs="false"
22        android:icon="@mipmap/ic_launcher"
22-->src/main/AndroidManifest.xml:11:9-43
23        android:label="@string/app_name"
23-->src/main/AndroidManifest.xml:12:9-41
24        android:roundIcon="@mipmap/ic_launcher_round"
24-->src/main/AndroidManifest.xml:13:9-54
25        android:supportsRtl="true"
25-->src/main/AndroidManifest.xml:14:9-35
26        android:testOnly="true"
27        android:theme="@style/Theme.FastLoan" >
27-->src/main/AndroidManifest.xml:15:9-46
28        <activity android:name="com.parsermessages.MainActivity" >
28-->src/main/AndroidManifest.xml:17:9-22:20
28-->src/main/AndroidManifest.xml:17:19-65
29            <intent-filter>
29-->src/main/AndroidManifest.xml:18:13-21:29
30                <action android:name="android.intent.action.MAIN" />
30-->src/main/AndroidManifest.xml:19:17-69
30-->src/main/AndroidManifest.xml:19:25-66
31
32                <category android:name="android.intent.category.LAUNCHER" />
32-->src/main/AndroidManifest.xml:20:17-77
32-->src/main/AndroidManifest.xml:20:27-74
33            </intent-filter>
34        </activity>
35        <activity
35-->src/main/AndroidManifest.xml:24:9-37:20
36            android:name="com.parsermessages.view.StartMainActivity"
36-->src/main/AndroidManifest.xml:25:13-69
37            android:label="StartMainActivity" >
37-->src/main/AndroidManifest.xml:26:13-46
38
39            <!-- вставляем сюда этот модуль -->
40            <intent-filter>
40-->src/main/AndroidManifest.xml:30:13-36:29
41
42                <!-- меняем на адрес новой страницы -->
43                <action android:name=".StartMainActivity" />
43-->src/main/AndroidManifest.xml:33:17-61
43-->src/main/AndroidManifest.xml:33:25-58
44                <!-- меняем на DEFAULT -->
45                <category android:name="android.intent.category.DEFAULT" />
45-->src/main/AndroidManifest.xml:35:17-76
45-->src/main/AndroidManifest.xml:35:27-73
46            </intent-filter>
47        </activity>
48
49        <meta-data
49-->src/main/AndroidManifest.xml:39:9-41:57
50            android:name="preloaded_fonts"
50-->src/main/AndroidManifest.xml:40:13-43
51            android:resource="@array/preloaded_fonts" />
51-->src/main/AndroidManifest.xml:41:13-54
52        <meta-data
52-->[com.firebaseui:firebase-ui-auth:4.3.1] AndroidManifest.xml:16:9-18:69
53            android:name="com.google.android.gms.version"
53-->[com.firebaseui:firebase-ui-auth:4.3.1] AndroidManifest.xml:17:13-58
54            android:value="@integer/google_play_services_version" />
54-->[com.firebaseui:firebase-ui-auth:4.3.1] AndroidManifest.xml:18:13-66
55        <meta-data
55-->[com.firebaseui:firebase-ui-auth:4.3.1] AndroidManifest.xml:19:9-21:63
56            android:name="com.facebook.sdk.ApplicationId"
56-->[com.firebaseui:firebase-ui-auth:4.3.1] AndroidManifest.xml:20:13-58
57            android:value="@string/facebook_application_id" />
57-->[com.firebaseui:firebase-ui-auth:4.3.1] AndroidManifest.xml:21:13-60
58
59        <activity
59-->[com.firebaseui:firebase-ui-auth:4.3.1] AndroidManifest.xml:23:9-27:61
60            android:name="com.firebase.ui.auth.KickoffActivity"
60-->[com.firebaseui:firebase-ui-auth:4.3.1] AndroidManifest.xml:24:13-64
61            android:exported="false"
61-->[com.firebaseui:firebase-ui-auth:4.3.1] AndroidManifest.xml:25:13-37
62            android:label=""
62-->[com.firebaseui:firebase-ui-auth:4.3.1] AndroidManifest.xml:26:13-29
63            android:theme="@style/FirebaseUI.Transparent" />
63-->[com.firebaseui:firebase-ui-auth:4.3.1] AndroidManifest.xml:27:13-58
64        <activity
64-->[com.firebaseui:firebase-ui-auth:4.3.1] AndroidManifest.xml:28:9-32:61
65            android:name="com.firebase.ui.auth.ui.idp.SingleSignInActivity"
65-->[com.firebaseui:firebase-ui-auth:4.3.1] AndroidManifest.xml:29:13-76
66            android:exported="false"
66-->[com.firebaseui:firebase-ui-auth:4.3.1] AndroidManifest.xml:30:13-37
67            android:label=""
67-->[com.firebaseui:firebase-ui-auth:4.3.1] AndroidManifest.xml:31:13-29
68            android:theme="@style/FirebaseUI.Transparent" />
68-->[com.firebaseui:firebase-ui-auth:4.3.1] AndroidManifest.xml:32:13-58
69        <activity
69-->[com.firebaseui:firebase-ui-auth:4.3.1] AndroidManifest.xml:33:9-37:61
70            android:name="com.firebase.ui.auth.ui.credentials.CredentialSaveActivity"
70-->[com.firebaseui:firebase-ui-auth:4.3.1] AndroidManifest.xml:34:13-86
71            android:exported="false"
71-->[com.firebaseui:firebase-ui-auth:4.3.1] AndroidManifest.xml:35:13-37
72            android:label=""
72-->[com.firebaseui:firebase-ui-auth:4.3.1] AndroidManifest.xml:36:13-29
73            android:theme="@style/FirebaseUI.Transparent" />
73-->[com.firebaseui:firebase-ui-auth:4.3.1] AndroidManifest.xml:37:13-58
74        <activity
74-->[com.firebaseui:firebase-ui-auth:4.3.1] AndroidManifest.xml:38:9-42:58
75            android:name="com.firebase.ui.auth.ui.email.RecoverPasswordActivity"
75-->[com.firebaseui:firebase-ui-auth:4.3.1] AndroidManifest.xml:39:13-81
76            android:exported="false"
76-->[com.firebaseui:firebase-ui-auth:4.3.1] AndroidManifest.xml:40:13-37
77            android:label="@string/fui_title_recover_password_activity"
77-->[com.firebaseui:firebase-ui-auth:4.3.1] AndroidManifest.xml:41:13-72
78            android:windowSoftInputMode="adjustResize" />
78-->[com.firebaseui:firebase-ui-auth:4.3.1] AndroidManifest.xml:42:13-55
79        <activity
79-->[com.firebaseui:firebase-ui-auth:4.3.1] AndroidManifest.xml:43:9-47:58
80            android:name="com.firebase.ui.auth.ui.email.EmailActivity"
80-->[com.firebaseui:firebase-ui-auth:4.3.1] AndroidManifest.xml:44:13-71
81            android:exported="false"
81-->[com.firebaseui:firebase-ui-auth:4.3.1] AndroidManifest.xml:45:13-37
82            android:label="@string/fui_sign_in_default"
82-->[com.firebaseui:firebase-ui-auth:4.3.1] AndroidManifest.xml:46:13-56
83            android:windowSoftInputMode="adjustResize" />
83-->[com.firebaseui:firebase-ui-auth:4.3.1] AndroidManifest.xml:47:13-55
84        <activity
84-->[com.firebaseui:firebase-ui-auth:4.3.1] AndroidManifest.xml:48:9-52:77
85            android:name="com.firebase.ui.auth.ui.phone.PhoneActivity"
85-->[com.firebaseui:firebase-ui-auth:4.3.1] AndroidManifest.xml:49:13-71
86            android:exported="false"
86-->[com.firebaseui:firebase-ui-auth:4.3.1] AndroidManifest.xml:50:13-37
87            android:label="@string/fui_sign_in_with_phone_number"
87-->[com.firebaseui:firebase-ui-auth:4.3.1] AndroidManifest.xml:51:13-66
88            android:windowSoftInputMode="adjustResize|stateAlwaysVisible" />
88-->[com.firebaseui:firebase-ui-auth:4.3.1] AndroidManifest.xml:52:13-74
89        <activity
89-->[com.firebaseui:firebase-ui-auth:4.3.1] AndroidManifest.xml:53:9-57:58
90            android:name="com.firebase.ui.auth.ui.idp.WelcomeBackIdpPrompt"
90-->[com.firebaseui:firebase-ui-auth:4.3.1] AndroidManifest.xml:54:13-76
91            android:exported="false"
91-->[com.firebaseui:firebase-ui-auth:4.3.1] AndroidManifest.xml:55:13-37
92            android:label="@string/fui_title_welcome_back_idp_prompt"
92-->[com.firebaseui:firebase-ui-auth:4.3.1] AndroidManifest.xml:56:13-70
93            android:windowSoftInputMode="adjustResize" />
93-->[com.firebaseui:firebase-ui-auth:4.3.1] AndroidManifest.xml:57:13-55
94        <activity
94-->[com.firebaseui:firebase-ui-auth:4.3.1] AndroidManifest.xml:58:9-62:58
95            android:name="com.firebase.ui.auth.ui.email.WelcomeBackPasswordPrompt"
95-->[com.firebaseui:firebase-ui-auth:4.3.1] AndroidManifest.xml:59:13-83
96            android:exported="false"
96-->[com.firebaseui:firebase-ui-auth:4.3.1] AndroidManifest.xml:60:13-37
97            android:label="@string/fui_title_welcome_back_password_prompt"
97-->[com.firebaseui:firebase-ui-auth:4.3.1] AndroidManifest.xml:61:13-75
98            android:windowSoftInputMode="adjustResize" />
98-->[com.firebaseui:firebase-ui-auth:4.3.1] AndroidManifest.xml:62:13-55
99        <activity
99-->[com.firebaseui:firebase-ui-auth:4.3.1] AndroidManifest.xml:63:9-67:58
100            android:name="com.firebase.ui.auth.ui.email.WelcomeBackEmailLinkPrompt"
100-->[com.firebaseui:firebase-ui-auth:4.3.1] AndroidManifest.xml:64:13-84
101            android:exported="false"
101-->[com.firebaseui:firebase-ui-auth:4.3.1] AndroidManifest.xml:65:13-37
102            android:label="@string/fui_title_welcome_back_password_prompt"
102-->[com.firebaseui:firebase-ui-auth:4.3.1] AndroidManifest.xml:66:13-75
103            android:windowSoftInputMode="adjustResize" />
103-->[com.firebaseui:firebase-ui-auth:4.3.1] AndroidManifest.xml:67:13-55
104        <activity
104-->[com.firebaseui:firebase-ui-auth:4.3.1] AndroidManifest.xml:68:9-73:58
105            android:name="com.firebase.ui.auth.ui.email.EmailLinkCatcherActivity"
105-->[com.firebaseui:firebase-ui-auth:4.3.1] AndroidManifest.xml:69:13-82
106            android:exported="false"
106-->[com.firebaseui:firebase-ui-auth:4.3.1] AndroidManifest.xml:70:13-37
107            android:label=""
107-->[com.firebaseui:firebase-ui-auth:4.3.1] AndroidManifest.xml:71:13-29
108            android:theme="@style/FirebaseUI.Transparent"
108-->[com.firebaseui:firebase-ui-auth:4.3.1] AndroidManifest.xml:72:13-58
109            android:windowSoftInputMode="adjustResize" />
109-->[com.firebaseui:firebase-ui-auth:4.3.1] AndroidManifest.xml:73:13-55
110        <activity
110-->[com.firebaseui:firebase-ui-auth:4.3.1] AndroidManifest.xml:74:9-78:58
111            android:name="com.firebase.ui.auth.ui.email.EmailLinkErrorRecoveryActivity"
111-->[com.firebaseui:firebase-ui-auth:4.3.1] AndroidManifest.xml:75:13-88
112            android:exported="false"
112-->[com.firebaseui:firebase-ui-auth:4.3.1] AndroidManifest.xml:76:13-37
113            android:label="@string/fui_sign_in_default"
113-->[com.firebaseui:firebase-ui-auth:4.3.1] AndroidManifest.xml:77:13-56
114            android:windowSoftInputMode="adjustResize" />
114-->[com.firebaseui:firebase-ui-auth:4.3.1] AndroidManifest.xml:78:13-55
115        <activity
115-->[com.firebaseui:firebase-ui-auth:4.3.1] AndroidManifest.xml:79:9-82:65
116            android:name="com.firebase.ui.auth.ui.idp.AuthMethodPickerActivity"
116-->[com.firebaseui:firebase-ui-auth:4.3.1] AndroidManifest.xml:80:13-80
117            android:exported="false"
117-->[com.firebaseui:firebase-ui-auth:4.3.1] AndroidManifest.xml:81:13-37
118            android:label="@string/fui_default_toolbar_title" />
118-->[com.firebaseui:firebase-ui-auth:4.3.1] AndroidManifest.xml:82:13-62
119        <activity
119-->[com.firebaseui:firebase-ui-auth:4.3.1] AndroidManifest.xml:83:9-87:48
120            android:name="com.facebook.FacebookActivity"
120-->[com.firebaseui:firebase-ui-auth:4.3.1] AndroidManifest.xml:84:13-57
121            android:configChanges="keyboard|keyboardHidden|screenLayout|screenSize|orientation"
121-->[com.firebaseui:firebase-ui-auth:4.3.1] AndroidManifest.xml:85:13-96
122            android:label="@string/app_name" />
122-->[com.firebaseui:firebase-ui-auth:4.3.1] AndroidManifest.xml:86:13-45
123        <activity
123-->[com.firebaseui:firebase-ui-auth:4.3.1] AndroidManifest.xml:88:9-100:20
124            android:name="com.facebook.CustomTabActivity"
124-->[com.firebaseui:firebase-ui-auth:4.3.1] AndroidManifest.xml:89:13-58
125            android:exported="true" >
125-->[com.firebaseui:firebase-ui-auth:4.3.1] AndroidManifest.xml:90:13-36
126            <intent-filter>
126-->[com.firebaseui:firebase-ui-auth:4.3.1] AndroidManifest.xml:92:13-99:29
127                <action android:name="android.intent.action.VIEW" />
127-->[com.firebaseui:firebase-ui-auth:4.3.1] AndroidManifest.xml:93:17-69
127-->[com.firebaseui:firebase-ui-auth:4.3.1] AndroidManifest.xml:93:25-66
128
129                <category android:name="android.intent.category.DEFAULT" />
129-->src/main/AndroidManifest.xml:35:17-76
129-->src/main/AndroidManifest.xml:35:27-73
130                <category android:name="android.intent.category.BROWSABLE" />
130-->[com.firebaseui:firebase-ui-auth:4.3.1] AndroidManifest.xml:96:17-78
130-->[com.firebaseui:firebase-ui-auth:4.3.1] AndroidManifest.xml:96:27-75
131
132                <data android:scheme="@string/facebook_login_protocol_scheme" />
132-->[com.firebaseui:firebase-ui-auth:4.3.1] AndroidManifest.xml:98:17-81
132-->[com.firebaseui:firebase-ui-auth:4.3.1] AndroidManifest.xml:98:23-78
133            </intent-filter>
134        </activity>
135
136        <provider
136-->[com.firebaseui:firebase-ui-auth:4.3.1] AndroidManifest.xml:102:9-106:38
137            android:name="com.firebase.ui.auth.data.client.AuthUiInitProvider"
137-->[com.firebaseui:firebase-ui-auth:4.3.1] AndroidManifest.xml:103:13-79
138            android:authorities="com.fastloan.authuiinitprovider"
138-->[com.firebaseui:firebase-ui-auth:4.3.1] AndroidManifest.xml:104:13-70
139            android:exported="false"
139-->[com.firebaseui:firebase-ui-auth:4.3.1] AndroidManifest.xml:105:13-37
140            android:initOrder="90" />
140-->[com.firebaseui:firebase-ui-auth:4.3.1] AndroidManifest.xml:106:13-35
141
142        <activity
142-->[com.google.firebase:firebase-auth:20.0.1] AndroidManifest.xml:27:9-44:20
143            android:name="com.google.firebase.auth.internal.GenericIdpActivity"
143-->[com.google.firebase:firebase-auth:20.0.1] AndroidManifest.xml:28:13-80
144            android:excludeFromRecents="true"
144-->[com.google.firebase:firebase-auth:20.0.1] AndroidManifest.xml:29:13-46
145            android:exported="true"
145-->[com.google.firebase:firebase-auth:20.0.1] AndroidManifest.xml:30:13-36
146            android:launchMode="singleTask"
146-->[com.google.firebase:firebase-auth:20.0.1] AndroidManifest.xml:31:13-44
147            android:theme="@android:style/Theme.Translucent.NoTitleBar" >
147-->[com.google.firebase:firebase-auth:20.0.1] AndroidManifest.xml:32:13-72
148            <intent-filter>
148-->[com.google.firebase:firebase-auth:20.0.1] AndroidManifest.xml:33:13-43:29
149                <action android:name="android.intent.action.VIEW" />
149-->[com.firebaseui:firebase-ui-auth:4.3.1] AndroidManifest.xml:93:17-69
149-->[com.firebaseui:firebase-ui-auth:4.3.1] AndroidManifest.xml:93:25-66
150
151                <category android:name="android.intent.category.DEFAULT" />
151-->src/main/AndroidManifest.xml:35:17-76
151-->src/main/AndroidManifest.xml:35:27-73
152                <category android:name="android.intent.category.BROWSABLE" />
152-->[com.firebaseui:firebase-ui-auth:4.3.1] AndroidManifest.xml:96:17-78
152-->[com.firebaseui:firebase-ui-auth:4.3.1] AndroidManifest.xml:96:27-75
153
154                <data
154-->[com.firebaseui:firebase-ui-auth:4.3.1] AndroidManifest.xml:98:17-81
155                    android:host="firebase.auth"
156                    android:path="/"
157                    android:scheme="genericidp" />
157-->[com.firebaseui:firebase-ui-auth:4.3.1] AndroidManifest.xml:98:23-78
158            </intent-filter>
159        </activity>
160        <activity
160-->[com.google.firebase:firebase-auth:20.0.1] AndroidManifest.xml:45:9-62:20
161            android:name="com.google.firebase.auth.internal.RecaptchaActivity"
161-->[com.google.firebase:firebase-auth:20.0.1] AndroidManifest.xml:46:13-79
162            android:excludeFromRecents="true"
162-->[com.google.firebase:firebase-auth:20.0.1] AndroidManifest.xml:47:13-46
163            android:exported="true"
163-->[com.google.firebase:firebase-auth:20.0.1] AndroidManifest.xml:48:13-36
164            android:launchMode="singleTask"
164-->[com.google.firebase:firebase-auth:20.0.1] AndroidManifest.xml:49:13-44
165            android:theme="@android:style/Theme.Translucent.NoTitleBar" >
165-->[com.google.firebase:firebase-auth:20.0.1] AndroidManifest.xml:50:13-72
166            <intent-filter>
166-->[com.google.firebase:firebase-auth:20.0.1] AndroidManifest.xml:51:13-61:29
167                <action android:name="android.intent.action.VIEW" />
167-->[com.firebaseui:firebase-ui-auth:4.3.1] AndroidManifest.xml:93:17-69
167-->[com.firebaseui:firebase-ui-auth:4.3.1] AndroidManifest.xml:93:25-66
168
169                <category android:name="android.intent.category.DEFAULT" />
169-->src/main/AndroidManifest.xml:35:17-76
169-->src/main/AndroidManifest.xml:35:27-73
170                <category android:name="android.intent.category.BROWSABLE" />
170-->[com.firebaseui:firebase-ui-auth:4.3.1] AndroidManifest.xml:96:17-78
170-->[com.firebaseui:firebase-ui-auth:4.3.1] AndroidManifest.xml:96:27-75
171
172                <data
172-->[com.firebaseui:firebase-ui-auth:4.3.1] AndroidManifest.xml:98:17-81
173                    android:host="firebase.auth"
174                    android:path="/"
175                    android:scheme="recaptcha" />
175-->[com.firebaseui:firebase-ui-auth:4.3.1] AndroidManifest.xml:98:23-78
176            </intent-filter>
177        </activity>
178
179        <service
179-->[com.google.firebase:firebase-auth:20.0.1] AndroidManifest.xml:64:9-73:19
180            android:name="com.google.firebase.auth.api.fallback.service.FirebaseAuthFallbackService"
180-->[com.google.firebase:firebase-auth:20.0.1] AndroidManifest.xml:65:13-101
181            android:enabled="true"
181-->[com.google.firebase:firebase-auth:20.0.1] AndroidManifest.xml:66:13-35
182            android:exported="false" >
182-->[com.google.firebase:firebase-auth:20.0.1] AndroidManifest.xml:67:13-37
183            <intent-filter>
183-->[com.google.firebase:firebase-auth:20.0.1] AndroidManifest.xml:68:13-72:29
184                <action android:name="com.google.firebase.auth.api.gms.service.START" />
184-->[com.google.firebase:firebase-auth:20.0.1] AndroidManifest.xml:69:17-89
184-->[com.google.firebase:firebase-auth:20.0.1] AndroidManifest.xml:69:25-86
185
186                <category android:name="android.intent.category.DEFAULT" />
186-->src/main/AndroidManifest.xml:35:17-76
186-->src/main/AndroidManifest.xml:35:27-73
187            </intent-filter>
188        </service>
189        <service
189-->[com.google.firebase:firebase-auth:20.0.1] AndroidManifest.xml:74:9-80:19
190            android:name="com.google.firebase.components.ComponentDiscoveryService"
190-->[com.google.firebase:firebase-auth:20.0.1] AndroidManifest.xml:75:13-84
191            android:directBootAware="true"
191-->[com.google.firebase:firebase-common:19.4.0] AndroidManifest.xml:35:13-43
192            android:exported="false" >
192-->[com.google.firebase:firebase-auth:20.0.1] AndroidManifest.xml:76:13-37
193            <meta-data
193-->[com.google.firebase:firebase-auth:20.0.1] AndroidManifest.xml:77:13-79:85
194                android:name="com.google.firebase.components:com.google.firebase.auth.FirebaseAuthRegistrar"
194-->[com.google.firebase:firebase-auth:20.0.1] AndroidManifest.xml:78:17-109
195                android:value="com.google.firebase.components.ComponentRegistrar" />
195-->[com.google.firebase:firebase-auth:20.0.1] AndroidManifest.xml:79:17-82
196            <meta-data
196-->[com.google.firebase:firebase-database:19.5.1] AndroidManifest.xml:32:13-34:85
197                android:name="com.google.firebase.components:com.google.firebase.database.DatabaseRegistrar"
197-->[com.google.firebase:firebase-database:19.5.1] AndroidManifest.xml:33:17-109
198                android:value="com.google.firebase.components.ComponentRegistrar" />
198-->[com.google.firebase:firebase-database:19.5.1] AndroidManifest.xml:34:17-82
199            <meta-data
199-->[com.google.firebase:firebase-storage:19.2.0] AndroidManifest.xml:33:13-35:85
200                android:name="com.google.firebase.components:com.google.firebase.storage.StorageRegistrar"
200-->[com.google.firebase:firebase-storage:19.2.0] AndroidManifest.xml:34:17-107
201                android:value="com.google.firebase.components.ComponentRegistrar" />
201-->[com.google.firebase:firebase-storage:19.2.0] AndroidManifest.xml:35:17-82
202            <meta-data
202-->[com.google.android.gms:play-services-measurement-api:18.0.0] AndroidManifest.xml:30:13-32:85
203                android:name="com.google.firebase.components:com.google.firebase.analytics.connector.internal.AnalyticsConnectorRegistrar"
203-->[com.google.android.gms:play-services-measurement-api:18.0.0] AndroidManifest.xml:31:17-139
204                android:value="com.google.firebase.components.ComponentRegistrar" />
204-->[com.google.android.gms:play-services-measurement-api:18.0.0] AndroidManifest.xml:32:17-82
205            <meta-data
205-->[com.google.firebase:firebase-installations:16.3.4] AndroidManifest.xml:18:13-20:85
206                android:name="com.google.firebase.components:com.google.firebase.installations.FirebaseInstallationsRegistrar"
206-->[com.google.firebase:firebase-installations:16.3.4] AndroidManifest.xml:19:17-127
207                android:value="com.google.firebase.components.ComponentRegistrar" />
207-->[com.google.firebase:firebase-installations:16.3.4] AndroidManifest.xml:20:17-82
208        </service>
209
210        <activity
210-->[com.google.android.gms:play-services-auth:19.0.0] AndroidManifest.xml:23:9-27:75
211            android:name="com.google.android.gms.auth.api.signin.internal.SignInHubActivity"
211-->[com.google.android.gms:play-services-auth:19.0.0] AndroidManifest.xml:24:13-93
212            android:excludeFromRecents="true"
212-->[com.google.android.gms:play-services-auth:19.0.0] AndroidManifest.xml:25:13-46
213            android:exported="false"
213-->[com.google.android.gms:play-services-auth:19.0.0] AndroidManifest.xml:26:13-37
214            android:theme="@android:style/Theme.Translucent.NoTitleBar" />
214-->[com.google.android.gms:play-services-auth:19.0.0] AndroidManifest.xml:27:13-72
215        <!--
216            Service handling Google Sign-In user revocation. For apps that do not integrate with
217            Google Sign-In, this service will never be started.
218        -->
219        <service
219-->[com.google.android.gms:play-services-auth:19.0.0] AndroidManifest.xml:33:9-37:51
220            android:name="com.google.android.gms.auth.api.signin.RevocationBoundService"
220-->[com.google.android.gms:play-services-auth:19.0.0] AndroidManifest.xml:34:13-89
221            android:exported="true"
221-->[com.google.android.gms:play-services-auth:19.0.0] AndroidManifest.xml:35:13-36
222            android:permission="com.google.android.gms.auth.api.signin.permission.REVOCATION_NOTIFICATION"
222-->[com.google.android.gms:play-services-auth:19.0.0] AndroidManifest.xml:36:13-107
223            android:visibleToInstantApps="true" />
223-->[com.google.android.gms:play-services-auth:19.0.0] AndroidManifest.xml:37:13-48
224
225        <provider
225-->[com.google.firebase:firebase-common:19.4.0] AndroidManifest.xml:26:9-31:39
226            android:name="com.google.firebase.provider.FirebaseInitProvider"
226-->[com.google.firebase:firebase-common:19.4.0] AndroidManifest.xml:27:13-77
227            android:authorities="com.fastloan.firebaseinitprovider"
227-->[com.google.firebase:firebase-common:19.4.0] AndroidManifest.xml:28:13-72
228            android:directBootAware="true"
228-->[com.google.firebase:firebase-common:19.4.0] AndroidManifest.xml:29:13-43
229            android:exported="false"
229-->[com.google.firebase:firebase-common:19.4.0] AndroidManifest.xml:30:13-37
230            android:initOrder="100" />
230-->[com.google.firebase:firebase-common:19.4.0] AndroidManifest.xml:31:13-36
231
232        <activity
232-->[com.google.android.gms:play-services-base:17.1.0] AndroidManifest.xml:23:9-26:75
233            android:name="com.google.android.gms.common.api.GoogleApiActivity"
233-->[com.google.android.gms:play-services-base:17.1.0] AndroidManifest.xml:24:13-79
234            android:exported="false"
234-->[com.google.android.gms:play-services-base:17.1.0] AndroidManifest.xml:25:13-37
235            android:theme="@android:style/Theme.Translucent.NoTitleBar" />
235-->[com.google.android.gms:play-services-base:17.1.0] AndroidManifest.xml:26:13-72
236
237        <receiver
237-->[com.google.android.gms:play-services-measurement:18.0.0] AndroidManifest.xml:29:9-33:20
238            android:name="com.google.android.gms.measurement.AppMeasurementReceiver"
238-->[com.google.android.gms:play-services-measurement:18.0.0] AndroidManifest.xml:30:13-85
239            android:enabled="true"
239-->[com.google.android.gms:play-services-measurement:18.0.0] AndroidManifest.xml:31:13-35
240            android:exported="false" >
240-->[com.google.android.gms:play-services-measurement:18.0.0] AndroidManifest.xml:32:13-37
241        </receiver>
242
243        <service
243-->[com.google.android.gms:play-services-measurement:18.0.0] AndroidManifest.xml:35:9-38:40
244            android:name="com.google.android.gms.measurement.AppMeasurementService"
244-->[com.google.android.gms:play-services-measurement:18.0.0] AndroidManifest.xml:36:13-84
245            android:enabled="true"
245-->[com.google.android.gms:play-services-measurement:18.0.0] AndroidManifest.xml:37:13-35
246            android:exported="false" />
246-->[com.google.android.gms:play-services-measurement:18.0.0] AndroidManifest.xml:38:13-37
247        <service
247-->[com.google.android.gms:play-services-measurement:18.0.0] AndroidManifest.xml:39:9-43:72
248            android:name="com.google.android.gms.measurement.AppMeasurementJobService"
248-->[com.google.android.gms:play-services-measurement:18.0.0] AndroidManifest.xml:40:13-87
249            android:enabled="true"
249-->[com.google.android.gms:play-services-measurement:18.0.0] AndroidManifest.xml:41:13-35
250            android:exported="false"
250-->[com.google.android.gms:play-services-measurement:18.0.0] AndroidManifest.xml:42:13-37
251            android:permission="android.permission.BIND_JOB_SERVICE" />
251-->[com.google.android.gms:play-services-measurement:18.0.0] AndroidManifest.xml:43:13-69
252
253        <provider
253-->[androidx.lifecycle:lifecycle-process:2.0.0] AndroidManifest.xml:23:9-27:43
254            android:name="androidx.lifecycle.ProcessLifecycleOwnerInitializer"
254-->[androidx.lifecycle:lifecycle-process:2.0.0] AndroidManifest.xml:24:13-79
255            android:authorities="com.fastloan.lifecycle-process"
255-->[androidx.lifecycle:lifecycle-process:2.0.0] AndroidManifest.xml:25:13-69
256            android:exported="false"
256-->[androidx.lifecycle:lifecycle-process:2.0.0] AndroidManifest.xml:26:13-37
257            android:multiprocess="true" />
257-->[androidx.lifecycle:lifecycle-process:2.0.0] AndroidManifest.xml:27:13-40
258    </application>
259
260</manifest>